[Wed Jan 15 2014 14:04:30 GMT+0800 (中国标准时间)] /weixin/api/getSubs?id=1001&_=1389765852413
Error: Error setting TTL index on collection : sessions <Error: no open connections>
    at module.exports._get_collection (D:\Work\Applications\PlatForm\src\nodejs\weixin\node_modules\connect-mongo\lib\connect-mongo.js:139:23)
    at Db.ensureIndex (D:\Work\Applications\PlatForm\src\nodejs\weixin\node_modules\connect-mongo\node_modules\mongodb\lib\mongodb\db.js:1227:28)
    at Db.indexInformation (D:\Work\Applications\PlatForm\src\nodejs\weixin\node_modules\connect-mongo\node_modules\mongodb\lib\mongodb\db.js:1371:30)
    at Cursor.toArray (D:\Work\Applications\PlatForm\src\nodejs\weixin\node_modules\connect-mongo\node_modules\mongodb\lib\mongodb\cursor.js:156:22)
    at Cursor.nextObject.commandHandler (D:\Work\Applications\PlatForm\src\nodejs\weixin\node_modules\connect-mongo\node_modules\mongodb\lib\mongodb\cursor.js:608:48)
    at Db._executeQueryCommand (D:\Work\Applications\PlatForm\src\nodejs\weixin\node_modules\connect-mongo\node_modules\mongodb\lib\mongodb\db.js:1705:12)
    at Cursor.nextObject (D:\Work\Applications\PlatForm\src\nodejs\weixin\node_modules\connect-mongo\node_modules\mongodb\lib\mongodb\cursor.js:649:13)
    at Cursor.toArray (D:\Work\Applications\PlatForm\src\nodejs\weixin\node_modules\connect-mongo\node_modules\mongodb\lib\mongodb\cursor.js:155:10)
    at Db.indexInformation (D:\Work\Applications\PlatForm\src\nodejs\weixin\node_modules\connect-mongo\node_modules\mongodb\lib\mongodb\db.js:1370:65)
    at Db.collection (D:\Work\Applications\PlatForm\src\nodejs\weixin\node_modules\connect-mongo\node_modules\mongodb\lib\mongodb\db.js:484:44)
[Wed Jan 15 2014 14:04:30 GMT+0800 (中国标准时间)] /weixin/admin/index
Error: no open connections
    at Db._executeQueryCommand (D:\Work\Applications\PlatForm\src\nodejs\weixin\node_modules\connect-mongo\node_modules\mongodb\lib\mongodb\db.js:1705:21)
    at Cursor.nextObject (D:\Work\Applications\PlatForm\src\nodejs\weixin\node_modules\connect-mongo\node_modules\mongodb\lib\mongodb\cursor.js:649:13)
    at Collection.findOne (D:\Work\Applications\PlatForm\src\nodejs\weixin\node_modules\connect-mongo\node_modules\mongodb\lib\mongodb\collection.js:1008:10)
    at module.exports.MongoStore.get (D:\Work\Applications\PlatForm\src\nodejs\weixin\node_modules\connect-mongo\lib\connect-mongo.js:186:18)
    at MongoStore.module.exports._get_collection (D:\Work\Applications\PlatForm\src\nodejs\weixin\node_modules\connect-mongo\lib\connect-mongo.js:126:21)
    at MongoStore.module.exports.MongoStore.get (D:\Work\Applications\PlatForm\src\nodejs\weixin\node_modules\connect-mongo\lib\connect-mongo.js:185:10)
    at Object.session [as handle] (D:\Work\Applications\PlatForm\src\nodejs\weixin\node_modules\express\node_modules\connect\lib\middleware\session.js:308:11)
    at next (D:\Work\Applications\PlatForm\src\nodejs\weixin\node_modules\express\node_modules\connect\lib\proto.js:190:15)
    at Object.cookieParser [as handle] (D:\Work\Applications\PlatForm\src\nodejs\weixin\node_modules\express\node_modules\connect\lib\middleware\cookieParser.js:60:5)
    at next (D:\Work\Applications\PlatForm\src\nodejs\weixin\node_modules\express\node_modules\connect\lib\proto.js:190:15)
[Fri Jan 17 2014 09:11:55 GMT+0800 (中国标准时间)] /weixin/admin/reg
Error: no open connections
    at Db._executeQueryCommand (D:\Work\Applications\PlatForm\src\nodejs\weixin\node_modules\connect-mongo\node_modules\mongodb\lib\mongodb\db.js:1705:21)
    at Cursor.nextObject (D:\Work\Applications\PlatForm\src\nodejs\weixin\node_modules\connect-mongo\node_modules\mongodb\lib\mongodb\cursor.js:649:13)
    at Collection.findOne (D:\Work\Applications\PlatForm\src\nodejs\weixin\node_modules\connect-mongo\node_modules\mongodb\lib\mongodb\collection.js:1008:10)
    at module.exports.MongoStore.get (D:\Work\Applications\PlatForm\src\nodejs\weixin\node_modules\connect-mongo\lib\connect-mongo.js:186:18)
    at MongoStore.module.exports._get_collection (D:\Work\Applications\PlatForm\src\nodejs\weixin\node_modules\connect-mongo\lib\connect-mongo.js:126:21)
    at MongoStore.module.exports.MongoStore.get (D:\Work\Applications\PlatForm\src\nodejs\weixin\node_modules\connect-mongo\lib\connect-mongo.js:185:10)
    at Object.session [as handle] (D:\Work\Applications\PlatForm\src\nodejs\weixin\node_modules\express\node_modules\connect\lib\middleware\session.js:308:11)
    at next (D:\Work\Applications\PlatForm\src\nodejs\weixin\node_modules\express\node_modules\connect\lib\proto.js:190:15)
    at Object.cookieParser [as handle] (D:\Work\Applications\PlatForm\src\nodejs\weixin\node_modules\express\node_modules\connect\lib\middleware\cookieParser.js:60:5)
    at next (D:\Work\Applications\PlatForm\src\nodejs\weixin\node_modules\express\node_modules\connect\lib\proto.js:190:15)
[Fri Jan 17 2014 10:44:45 GMT+0800 (中国标准时间)] /weixin/admin/index
Error: no open connections
    at Db._executeQueryCommand (D:\Work\Applications\PlatForm\src\nodejs\weixin\node_modules\connect-mongo\node_modules\mongodb\lib\mongodb\db.js:1705:21)
    at Cursor.nextObject (D:\Work\Applications\PlatForm\src\nodejs\weixin\node_modules\connect-mongo\node_modules\mongodb\lib\mongodb\cursor.js:649:13)
    at Collection.findOne (D:\Work\Applications\PlatForm\src\nodejs\weixin\node_modules\connect-mongo\node_modules\mongodb\lib\mongodb\collection.js:1008:10)
    at module.exports.MongoStore.get (D:\Work\Applications\PlatForm\src\nodejs\weixin\node_modules\connect-mongo\lib\connect-mongo.js:186:18)
    at MongoStore.module.exports._get_collection (D:\Work\Applications\PlatForm\src\nodejs\weixin\node_modules\connect-mongo\lib\connect-mongo.js:126:21)
    at MongoStore.module.exports.MongoStore.get (D:\Work\Applications\PlatForm\src\nodejs\weixin\node_modules\connect-mongo\lib\connect-mongo.js:185:10)
    at Object.session [as handle] (D:\Work\Applications\PlatForm\src\nodejs\weixin\node_modules\express\node_modules\connect\lib\middleware\session.js:308:11)
    at next (D:\Work\Applications\PlatForm\src\nodejs\weixin\node_modules\express\node_modules\connect\lib\proto.js:190:15)
    at Object.cookieParser [as handle] (D:\Work\Applications\PlatForm\src\nodejs\weixin\node_modules\express\node_modules\connect\lib\middleware\cookieParser.js:60:5)
    at next (D:\Work\Applications\PlatForm\src\nodejs\weixin\node_modules\express\node_modules\connect\lib\proto.js:190:15)
[Fri Jan 17 2014 10:44:45 GMT+0800 (中国标准时间)] /weixin/admin/login
Error: no open connections
    at Db._executeQueryCommand (D:\Work\Applications\PlatForm\src\nodejs\weixin\node_modules\connect-mongo\node_modules\mongodb\lib\mongodb\db.js:1705:21)
    at Cursor.nextObject (D:\Work\Applications\PlatForm\src\nodejs\weixin\node_modules\connect-mongo\node_modules\mongodb\lib\mongodb\cursor.js:649:13)
    at Collection.findOne (D:\Work\Applications\PlatForm\src\nodejs\weixin\node_modules\connect-mongo\node_modules\mongodb\lib\mongodb\collection.js:1008:10)
    at module.exports.MongoStore.get (D:\Work\Applications\PlatForm\src\nodejs\weixin\node_modules\connect-mongo\lib\connect-mongo.js:186:18)
    at MongoStore.module.exports._get_collection (D:\Work\Applications\PlatForm\src\nodejs\weixin\node_modules\connect-mongo\lib\connect-mongo.js:126:21)
    at MongoStore.module.exports.MongoStore.get (D:\Work\Applications\PlatForm\src\nodejs\weixin\node_modules\connect-mongo\lib\connect-mongo.js:185:10)
    at Object.session [as handle] (D:\Work\Applications\PlatForm\src\nodejs\weixin\node_modules\express\node_modules\connect\lib\middleware\session.js:308:11)
    at next (D:\Work\Applications\PlatForm\src\nodejs\weixin\node_modules\express\node_modules\connect\lib\proto.js:190:15)
    at Object.cookieParser [as handle] (D:\Work\Applications\PlatForm\src\nodejs\weixin\node_modules\express\node_modules\connect\lib\middleware\cookieParser.js:60:5)
    at next (D:\Work\Applications\PlatForm\src\nodejs\weixin\node_modules\express\node_modules\connect\lib\proto.js:190:15)
[Fri Jan 17 2014 10:44:53 GMT+0800 (中国标准时间)] /
Error: no open connections
    at Db._executeQueryCommand (D:\Work\Applications\PlatForm\src\nodejs\weixin\node_modules\connect-mongo\node_modules\mongodb\lib\mongodb\db.js:1705:21)
    at Cursor.nextObject (D:\Work\Applications\PlatForm\src\nodejs\weixin\node_modules\connect-mongo\node_modules\mongodb\lib\mongodb\cursor.js:649:13)
    at Collection.findOne (D:\Work\Applications\PlatForm\src\nodejs\weixin\node_modules\connect-mongo\node_modules\mongodb\lib\mongodb\collection.js:1008:10)
    at module.exports.MongoStore.get (D:\Work\Applications\PlatForm\src\nodejs\weixin\node_modules\connect-mongo\lib\connect-mongo.js:186:18)
    at MongoStore.module.exports._get_collection (D:\Work\Applications\PlatForm\src\nodejs\weixin\node_modules\connect-mongo\lib\connect-mongo.js:126:21)
    at MongoStore.module.exports.MongoStore.get (D:\Work\Applications\PlatForm\src\nodejs\weixin\node_modules\connect-mongo\lib\connect-mongo.js:185:10)
    at Object.session [as handle] (D:\Work\Applications\PlatForm\src\nodejs\weixin\node_modules\express\node_modules\connect\lib\middleware\session.js:308:11)
    at next (D:\Work\Applications\PlatForm\src\nodejs\weixin\node_modules\express\node_modules\connect\lib\proto.js:190:15)
    at Object.cookieParser [as handle] (D:\Work\Applications\PlatForm\src\nodejs\weixin\node_modules\express\node_modules\connect\lib\middleware\cookieParser.js:60:5)
    at next (D:\Work\Applications\PlatForm\src\nodejs\weixin\node_modules\express\node_modules\connect\lib\proto.js:190:15)
[Fri Jan 17 2014 10:44:53 GMT+0800 (中国标准时间)] /weixin/
Error: no open connections
    at Db._executeQueryCommand (D:\Work\Applications\PlatForm\src\nodejs\weixin\node_modules\connect-mongo\node_modules\mongodb\lib\mongodb\db.js:1705:21)
    at Cursor.nextObject (D:\Work\Applications\PlatForm\src\nodejs\weixin\node_modules\connect-mongo\node_modules\mongodb\lib\mongodb\cursor.js:649:13)
    at Collection.findOne (D:\Work\Applications\PlatForm\src\nodejs\weixin\node_modules\connect-mongo\node_modules\mongodb\lib\mongodb\collection.js:1008:10)
    at module.exports.MongoStore.get (D:\Work\Applications\PlatForm\src\nodejs\weixin\node_modules\connect-mongo\lib\connect-mongo.js:186:18)
    at MongoStore.module.exports._get_collection (D:\Work\Applications\PlatForm\src\nodejs\weixin\node_modules\connect-mongo\lib\connect-mongo.js:126:21)
    at MongoStore.module.exports.MongoStore.get (D:\Work\Applications\PlatForm\src\nodejs\weixin\node_modules\connect-mongo\lib\connect-mongo.js:185:10)
    at Object.session [as handle] (D:\Work\Applications\PlatForm\src\nodejs\weixin\node_modules\express\node_modules\connect\lib\middleware\session.js:308:11)
    at next (D:\Work\Applications\PlatForm\src\nodejs\weixin\node_modules\express\node_modules\connect\lib\proto.js:190:15)
    at Object.cookieParser [as handle] (D:\Work\Applications\PlatForm\src\nodejs\weixin\node_modules\express\node_modules\connect\lib\middleware\cookieParser.js:60:5)
    at next (D:\Work\Applications\PlatForm\src\nodejs\weixin\node_modules\express\node_modules\connect\lib\proto.js:190:15)
[Fri Jan 17 2014 10:45:53 GMT+0800 (中国标准时间)] /weixin/admin/login
Error: no open connections
    at Db._executeQueryCommand (D:\Work\Applications\PlatForm\src\nodejs\weixin\node_modules\connect-mongo\node_modules\mongodb\lib\mongodb\db.js:1705:21)
    at Cursor.nextObject (D:\Work\Applications\PlatForm\src\nodejs\weixin\node_modules\connect-mongo\node_modules\mongodb\lib\mongodb\cursor.js:649:13)
    at Collection.findOne (D:\Work\Applications\PlatForm\src\nodejs\weixin\node_modules\connect-mongo\node_modules\mongodb\lib\mongodb\collection.js:1008:10)
    at module.exports.MongoStore.get (D:\Work\Applications\PlatForm\src\nodejs\weixin\node_modules\connect-mongo\lib\connect-mongo.js:186:18)
    at MongoStore.module.exports._get_collection (D:\Work\Applications\PlatForm\src\nodejs\weixin\node_modules\connect-mongo\lib\connect-mongo.js:126:21)
    at MongoStore.module.exports.MongoStore.get (D:\Work\Applications\PlatForm\src\nodejs\weixin\node_modules\connect-mongo\lib\connect-mongo.js:185:10)
    at Object.session [as handle] (D:\Work\Applications\PlatForm\src\nodejs\weixin\node_modules\express\node_modules\connect\lib\middleware\session.js:308:11)
    at next (D:\Work\Applications\PlatForm\src\nodejs\weixin\node_modules\express\node_modules\connect\lib\proto.js:190:15)
    at Object.cookieParser [as handle] (D:\Work\Applications\PlatForm\src\nodejs\weixin\node_modules\express\node_modules\connect\lib\middleware\cookieParser.js:60:5)
    at next (D:\Work\Applications\PlatForm\src\nodejs\weixin\node_modules\express\node_modules\connect\lib\proto.js:190:15)
[Fri Jan 17 2014 10:49:32 GMT+0800 (中国标准时间)] /weixin/admin/login
Error: no open connections
    at Db._executeQueryCommand (D:\Work\Applications\PlatForm\src\nodejs\weixin\node_modules\connect-mongo\node_modules\mongodb\lib\mongodb\db.js:1705:21)
    at Cursor.nextObject (D:\Work\Applications\PlatForm\src\nodejs\weixin\node_modules\connect-mongo\node_modules\mongodb\lib\mongodb\cursor.js:649:13)
    at Collection.findOne (D:\Work\Applications\PlatForm\src\nodejs\weixin\node_modules\connect-mongo\node_modules\mongodb\lib\mongodb\collection.js:1008:10)
    at module.exports.MongoStore.get (D:\Work\Applications\PlatForm\src\nodejs\weixin\node_modules\connect-mongo\lib\connect-mongo.js:186:18)
    at MongoStore.module.exports._get_collection (D:\Work\Applications\PlatForm\src\nodejs\weixin\node_modules\connect-mongo\lib\connect-mongo.js:126:21)
    at MongoStore.module.exports.MongoStore.get (D:\Work\Applications\PlatForm\src\nodejs\weixin\node_modules\connect-mongo\lib\connect-mongo.js:185:10)
    at Object.session [as handle] (D:\Work\Applications\PlatForm\src\nodejs\weixin\node_modules\express\node_modules\connect\lib\middleware\session.js:308:11)
    at next (D:\Work\Applications\PlatForm\src\nodejs\weixin\node_modules\express\node_modules\connect\lib\proto.js:190:15)
    at Object.cookieParser [as handle] (D:\Work\Applications\PlatForm\src\nodejs\weixin\node_modules\express\node_modules\connect\lib\middleware\cookieParser.js:60:5)
    at next (D:\Work\Applications\PlatForm\src\nodejs\weixin\node_modules\express\node_modules\connect\lib\proto.js:190:15)
[Fri Jan 17 2014 10:55:57 GMT+0800 (中国标准时间)] /weixin/admin/login
Error: no open connections
    at Db._executeQueryCommand (D:\Work\Applications\PlatForm\src\nodejs\weixin\node_modules\connect-mongo\node_modules\mongodb\lib\mongodb\db.js:1705:21)
    at Cursor.nextObject (D:\Work\Applications\PlatForm\src\nodejs\weixin\node_modules\connect-mongo\node_modules\mongodb\lib\mongodb\cursor.js:649:13)
    at Collection.findOne (D:\Work\Applications\PlatForm\src\nodejs\weixin\node_modules\connect-mongo\node_modules\mongodb\lib\mongodb\collection.js:1008:10)
    at module.exports.MongoStore.get (D:\Work\Applications\PlatForm\src\nodejs\weixin\node_modules\connect-mongo\lib\connect-mongo.js:186:18)
    at MongoStore.module.exports._get_collection (D:\Work\Applications\PlatForm\src\nodejs\weixin\node_modules\connect-mongo\lib\connect-mongo.js:126:21)
    at MongoStore.module.exports.MongoStore.get (D:\Work\Applications\PlatForm\src\nodejs\weixin\node_modules\connect-mongo\lib\connect-mongo.js:185:10)
    at Object.session [as handle] (D:\Work\Applications\PlatForm\src\nodejs\weixin\node_modules\express\node_modules\connect\lib\middleware\session.js:308:11)
    at next (D:\Work\Applications\PlatForm\src\nodejs\weixin\node_modules\express\node_modules\connect\lib\proto.js:190:15)
    at Object.cookieParser [as handle] (D:\Work\Applications\PlatForm\src\nodejs\weixin\node_modules\express\node_modules\connect\lib\middleware\cookieParser.js:60:5)
    at next (D:\Work\Applications\PlatForm\src\nodejs\weixin\node_modules\express\node_modules\connect\lib\proto.js:190:15)
[Fri Jan 17 2014 10:56:03 GMT+0800 (中国标准时间)] /weixin/admin/dologin
Error: no open connections
    at Db._executeQueryCommand (D:\Work\Applications\PlatForm\src\nodejs\weixin\node_modules\connect-mongo\node_modules\mongodb\lib\mongodb\db.js:1705:21)
    at Cursor.nextObject (D:\Work\Applications\PlatForm\src\nodejs\weixin\node_modules\connect-mongo\node_modules\mongodb\lib\mongodb\cursor.js:649:13)
    at Collection.findOne (D:\Work\Applications\PlatForm\src\nodejs\weixin\node_modules\connect-mongo\node_modules\mongodb\lib\mongodb\collection.js:1008:10)
    at module.exports.MongoStore.get (D:\Work\Applications\PlatForm\src\nodejs\weixin\node_modules\connect-mongo\lib\connect-mongo.js:186:18)
    at MongoStore.module.exports._get_collection (D:\Work\Applications\PlatForm\src\nodejs\weixin\node_modules\connect-mongo\lib\connect-mongo.js:126:21)
    at MongoStore.module.exports.MongoStore.get (D:\Work\Applications\PlatForm\src\nodejs\weixin\node_modules\connect-mongo\lib\connect-mongo.js:185:10)
    at Object.session [as handle] (D:\Work\Applications\PlatForm\src\nodejs\weixin\node_modules\express\node_modules\connect\lib\middleware\session.js:308:11)
    at next (D:\Work\Applications\PlatForm\src\nodejs\weixin\node_modules\express\node_modules\connect\lib\proto.js:190:15)
    at Object.cookieParser [as handle] (D:\Work\Applications\PlatForm\src\nodejs\weixin\node_modules\express\node_modules\connect\lib\middleware\cookieParser.js:60:5)
    at next (D:\Work\Applications\PlatForm\src\nodejs\weixin\node_modules\express\node_modules\connect\lib\proto.js:190:15)
[Fri Jan 17 2014 10:56:03 GMT+0800 (中国标准时间)] /weixin/admin/index
Error: no open connections
    at Db._executeQueryCommand (D:\Work\Applications\PlatForm\src\nodejs\weixin\node_modules\connect-mongo\node_modules\mongodb\lib\mongodb\db.js:1705:21)
    at Cursor.nextObject (D:\Work\Applications\PlatForm\src\nodejs\weixin\node_modules\connect-mongo\node_modules\mongodb\lib\mongodb\cursor.js:649:13)
    at Collection.findOne (D:\Work\Applications\PlatForm\src\nodejs\weixin\node_modules\connect-mongo\node_modules\mongodb\lib\mongodb\collection.js:1008:10)
    at module.exports.MongoStore.get (D:\Work\Applications\PlatForm\src\nodejs\weixin\node_modules\connect-mongo\lib\connect-mongo.js:186:18)
    at MongoStore.module.exports._get_collection (D:\Work\Applications\PlatForm\src\nodejs\weixin\node_modules\connect-mongo\lib\connect-mongo.js:126:21)
    at MongoStore.module.exports.MongoStore.get (D:\Work\Applications\PlatForm\src\nodejs\weixin\node_modules\connect-mongo\lib\connect-mongo.js:185:10)
    at Object.session [as handle] (D:\Work\Applications\PlatForm\src\nodejs\weixin\node_modules\express\node_modules\connect\lib\middleware\session.js:308:11)
    at next (D:\Work\Applications\PlatForm\src\nodejs\weixin\node_modules\express\node_modules\connect\lib\proto.js:190:15)
    at Object.cookieParser [as handle] (D:\Work\Applications\PlatForm\src\nodejs\weixin\node_modules\express\node_modules\connect\lib\middleware\cookieParser.js:60:5)
    at next (D:\Work\Applications\PlatForm\src\nodejs\weixin\node_modules\express\node_modules\connect\lib\proto.js:190:15)
[Fri Jan 17 2014 10:56:03 GMT+0800 (中国标准时间)] /weixin/admin/login
Error: no open connections
    at Db._executeQueryCommand (D:\Work\Applications\PlatForm\src\nodejs\weixin\node_modules\connect-mongo\node_modules\mongodb\lib\mongodb\db.js:1705:21)
    at Cursor.nextObject (D:\Work\Applications\PlatForm\src\nodejs\weixin\node_modules\connect-mongo\node_modules\mongodb\lib\mongodb\cursor.js:649:13)
    at Collection.findOne (D:\Work\Applications\PlatForm\src\nodejs\weixin\node_modules\connect-mongo\node_modules\mongodb\lib\mongodb\collection.js:1008:10)
    at module.exports.MongoStore.get (D:\Work\Applications\PlatForm\src\nodejs\weixin\node_modules\connect-mongo\lib\connect-mongo.js:186:18)
    at MongoStore.module.exports._get_collection (D:\Work\Applications\PlatForm\src\nodejs\weixin\node_modules\connect-mongo\lib\connect-mongo.js:126:21)
    at MongoStore.module.exports.MongoStore.get (D:\Work\Applications\PlatForm\src\nodejs\weixin\node_modules\connect-mongo\lib\connect-mongo.js:185:10)
    at Object.session [as handle] (D:\Work\Applications\PlatForm\src\nodejs\weixin\node_modules\express\node_modules\connect\lib\middleware\session.js:308:11)
    at next (D:\Work\Applications\PlatForm\src\nodejs\weixin\node_modules\express\node_modules\connect\lib\proto.js:190:15)
    at Object.cookieParser [as handle] (D:\Work\Applications\PlatForm\src\nodejs\weixin\node_modules\express\node_modules\connect\lib\middleware\cookieParser.js:60:5)
    at next (D:\Work\Applications\PlatForm\src\nodejs\weixin\node_modules\express\node_modules\connect\lib\proto.js:190:15)
[Fri Jan 17 2014 10:56:11 GMT+0800 (中国标准时间)] /weixin/admin/reg
Error: no open connections
    at Db._executeQueryCommand (D:\Work\Applications\PlatForm\src\nodejs\weixin\node_modules\connect-mongo\node_modules\mongodb\lib\mongodb\db.js:1705:21)
    at Cursor.nextObject (D:\Work\Applications\PlatForm\src\nodejs\weixin\node_modules\connect-mongo\node_modules\mongodb\lib\mongodb\cursor.js:649:13)
    at Collection.findOne (D:\Work\Applications\PlatForm\src\nodejs\weixin\node_modules\connect-mongo\node_modules\mongodb\lib\mongodb\collection.js:1008:10)
    at module.exports.MongoStore.get (D:\Work\Applications\PlatForm\src\nodejs\weixin\node_modules\connect-mongo\lib\connect-mongo.js:186:18)
    at MongoStore.module.exports._get_collection (D:\Work\Applications\PlatForm\src\nodejs\weixin\node_modules\connect-mongo\lib\connect-mongo.js:126:21)
    at MongoStore.module.exports.MongoStore.get (D:\Work\Applications\PlatForm\src\nodejs\weixin\node_modules\connect-mongo\lib\connect-mongo.js:185:10)
    at Object.session [as handle] (D:\Work\Applications\PlatForm\src\nodejs\weixin\node_modules\express\node_modules\connect\lib\middleware\session.js:308:11)
    at next (D:\Work\Applications\PlatForm\src\nodejs\weixin\node_modules\express\node_modules\connect\lib\proto.js:190:15)
    at Object.cookieParser [as handle] (D:\Work\Applications\PlatForm\src\nodejs\weixin\node_modules\express\node_modules\connect\lib\middleware\cookieParser.js:60:5)
    at next (D:\Work\Applications\PlatForm\src\nodejs\weixin\node_modules\express\node_modules\connect\lib\proto.js:190:15)
[Fri Jan 17 2014 10:56:23 GMT+0800 (中国标准时间)] /weixin/admin/doreg
Error: no open connections
    at Db._executeQueryCommand (D:\Work\Applications\PlatForm\src\nodejs\weixin\node_modules\connect-mongo\node_modules\mongodb\lib\mongodb\db.js:1705:21)
    at Cursor.nextObject (D:\Work\Applications\PlatForm\src\nodejs\weixin\node_modules\connect-mongo\node_modules\mongodb\lib\mongodb\cursor.js:649:13)
    at Collection.findOne (D:\Work\Applications\PlatForm\src\nodejs\weixin\node_modules\connect-mongo\node_modules\mongodb\lib\mongodb\collection.js:1008:10)
    at module.exports.MongoStore.get (D:\Work\Applications\PlatForm\src\nodejs\weixin\node_modules\connect-mongo\lib\connect-mongo.js:186:18)
    at MongoStore.module.exports._get_collection (D:\Work\Applications\PlatForm\src\nodejs\weixin\node_modules\connect-mongo\lib\connect-mongo.js:126:21)
    at MongoStore.module.exports.MongoStore.get (D:\Work\Applications\PlatForm\src\nodejs\weixin\node_modules\connect-mongo\lib\connect-mongo.js:185:10)
    at Object.session [as handle] (D:\Work\Applications\PlatForm\src\nodejs\weixin\node_modules\express\node_modules\connect\lib\middleware\session.js:308:11)
    at next (D:\Work\Applications\PlatForm\src\nodejs\weixin\node_modules\express\node_modules\connect\lib\proto.js:190:15)
    at Object.cookieParser [as handle] (D:\Work\Applications\PlatForm\src\nodejs\weixin\node_modules\express\node_modules\connect\lib\middleware\cookieParser.js:60:5)
    at next (D:\Work\Applications\PlatForm\src\nodejs\weixin\node_modules\express\node_modules\connect\lib\proto.js:190:15)
[Fri Jan 17 2014 10:56:58 GMT+0800 (中国标准时间)] /weixin/admin/index
Error: no open connections
    at Db._executeQueryCommand (D:\Work\Applications\PlatForm\src\nodejs\weixin\node_modules\connect-mongo\node_modules\mongodb\lib\mongodb\db.js:1705:21)
    at Cursor.nextObject (D:\Work\Applications\PlatForm\src\nodejs\weixin\node_modules\connect-mongo\node_modules\mongodb\lib\mongodb\cursor.js:649:13)
    at Collection.findOne (D:\Work\Applications\PlatForm\src\nodejs\weixin\node_modules\connect-mongo\node_modules\mongodb\lib\mongodb\collection.js:1008:10)
    at module.exports.MongoStore.get (D:\Work\Applications\PlatForm\src\nodejs\weixin\node_modules\connect-mongo\lib\connect-mongo.js:186:18)
    at MongoStore.module.exports._get_collection (D:\Work\Applications\PlatForm\src\nodejs\weixin\node_modules\connect-mongo\lib\connect-mongo.js:126:21)
    at MongoStore.module.exports.MongoStore.get (D:\Work\Applications\PlatForm\src\nodejs\weixin\node_modules\connect-mongo\lib\connect-mongo.js:185:10)
    at Object.session [as handle] (D:\Work\Applications\PlatForm\src\nodejs\weixin\node_modules\express\node_modules\connect\lib\middleware\session.js:308:11)
    at next (D:\Work\Applications\PlatForm\src\nodejs\weixin\node_modules\express\node_modules\connect\lib\proto.js:190:15)
    at Object.cookieParser [as handle] (D:\Work\Applications\PlatForm\src\nodejs\weixin\node_modules\express\node_modules\connect\lib\middleware\cookieParser.js:60:5)
    at next (D:\Work\Applications\PlatForm\src\nodejs\weixin\node_modules\express\node_modules\connect\lib\proto.js:190:15)
[Fri Jan 17 2014 10:56:58 GMT+0800 (中国标准时间)] /weixin/admin/login
Error: no open connections
    at Db._executeQueryCommand (D:\Work\Applications\PlatForm\src\nodejs\weixin\node_modules\connect-mongo\node_modules\mongodb\lib\mongodb\db.js:1705:21)
    at Cursor.nextObject (D:\Work\Applications\PlatForm\src\nodejs\weixin\node_modules\connect-mongo\node_modules\mongodb\lib\mongodb\cursor.js:649:13)
    at Collection.findOne (D:\Work\Applications\PlatForm\src\nodejs\weixin\node_modules\connect-mongo\node_modules\mongodb\lib\mongodb\collection.js:1008:10)
    at module.exports.MongoStore.get (D:\Work\Applications\PlatForm\src\nodejs\weixin\node_modules\connect-mongo\lib\connect-mongo.js:186:18)
    at MongoStore.module.exports._get_collection (D:\Work\Applications\PlatForm\src\nodejs\weixin\node_modules\connect-mongo\lib\connect-mongo.js:126:21)
    at MongoStore.module.exports.MongoStore.get (D:\Work\Applications\PlatForm\src\nodejs\weixin\node_modules\connect-mongo\lib\connect-mongo.js:185:10)
    at Object.session [as handle] (D:\Work\Applications\PlatForm\src\nodejs\weixin\node_modules\express\node_modules\connect\lib\middleware\session.js:308:11)
    at next (D:\Work\Applications\PlatForm\src\nodejs\weixin\node_modules\express\node_modules\connect\lib\proto.js:190:15)
    at Object.cookieParser [as handle] (D:\Work\Applications\PlatForm\src\nodejs\weixin\node_modules\express\node_modules\connect\lib\middleware\cookieParser.js:60:5)
    at next (D:\Work\Applications\PlatForm\src\nodejs\weixin\node_modules\express\node_modules\connect\lib\proto.js:190:15)
[Fri Jan 17 2014 14:34:56 GMT+0800 (中国标准时间)] /weixin/admin/login
Error: Error setting TTL index on collection : sessions <Error: no open connections>
    at module.exports._get_collection (D:\Work\Applications\PlatForm\src\nodejs\weixin\node_modules\connect-mongo\lib\connect-mongo.js:139:23)
    at Db.ensureIndex (D:\Work\Applications\PlatForm\src\nodejs\weixin\node_modules\connect-mongo\node_modules\mongodb\lib\mongodb\db.js:1227:28)
    at Db.indexInformation (D:\Work\Applications\PlatForm\src\nodejs\weixin\node_modules\connect-mongo\node_modules\mongodb\lib\mongodb\db.js:1371:30)
    at Cursor.toArray (D:\Work\Applications\PlatForm\src\nodejs\weixin\node_modules\connect-mongo\node_modules\mongodb\lib\mongodb\cursor.js:156:22)
    at Cursor.nextObject.commandHandler (D:\Work\Applications\PlatForm\src\nodejs\weixin\node_modules\connect-mongo\node_modules\mongodb\lib\mongodb\cursor.js:608:48)
    at Db._executeQueryCommand (D:\Work\Applications\PlatForm\src\nodejs\weixin\node_modules\connect-mongo\node_modules\mongodb\lib\mongodb\db.js:1705:12)
    at Cursor.nextObject (D:\Work\Applications\PlatForm\src\nodejs\weixin\node_modules\connect-mongo\node_modules\mongodb\lib\mongodb\cursor.js:649:13)
    at Cursor.toArray (D:\Work\Applications\PlatForm\src\nodejs\weixin\node_modules\connect-mongo\node_modules\mongodb\lib\mongodb\cursor.js:155:10)
    at Db.indexInformation (D:\Work\Applications\PlatForm\src\nodejs\weixin\node_modules\connect-mongo\node_modules\mongodb\lib\mongodb\db.js:1370:65)
    at Db.collection (D:\Work\Applications\PlatForm\src\nodejs\weixin\node_modules\connect-mongo\node_modules\mongodb\lib\mongodb\db.js:484:44)
[Wed Jan 22 2014 11:55:56 GMT+0800 (中国标准时间)] /weixin/admin/users
Error: Error setting TTL index on collection : sessions <Error: no open connections>
    at module.exports._get_collection (D:\Work\Applications\PlatForm\src\nodejs\weixin\node_modules\connect-mongo\lib\connect-mongo.js:139:23)
    at Db.ensureIndex (D:\Work\Applications\PlatForm\src\nodejs\weixin\node_modules\connect-mongo\node_modules\mongodb\lib\mongodb\db.js:1227:28)
    at Db.indexInformation (D:\Work\Applications\PlatForm\src\nodejs\weixin\node_modules\connect-mongo\node_modules\mongodb\lib\mongodb\db.js:1371:30)
    at Cursor.toArray (D:\Work\Applications\PlatForm\src\nodejs\weixin\node_modules\connect-mongo\node_modules\mongodb\lib\mongodb\cursor.js:156:22)
    at Cursor.nextObject.commandHandler (D:\Work\Applications\PlatForm\src\nodejs\weixin\node_modules\connect-mongo\node_modules\mongodb\lib\mongodb\cursor.js:608:48)
    at Db._executeQueryCommand (D:\Work\Applications\PlatForm\src\nodejs\weixin\node_modules\connect-mongo\node_modules\mongodb\lib\mongodb\db.js:1705:12)
    at Cursor.nextObject (D:\Work\Applications\PlatForm\src\nodejs\weixin\node_modules\connect-mongo\node_modules\mongodb\lib\mongodb\cursor.js:649:13)
    at Cursor.toArray (D:\Work\Applications\PlatForm\src\nodejs\weixin\node_modules\connect-mongo\node_modules\mongodb\lib\mongodb\cursor.js:155:10)
    at Db.indexInformation (D:\Work\Applications\PlatForm\src\nodejs\weixin\node_modules\connect-mongo\node_modules\mongodb\lib\mongodb\db.js:1370:65)
    at Db.collection (D:\Work\Applications\PlatForm\src\nodejs\weixin\node_modules\connect-mongo\node_modules\mongodb\lib\mongodb\db.js:484:44)
